<?xml version="1.0" encoding="UTF-8"?>
<Site BuildName="(empty)"
	BuildStamp="20230618-1846-Experimental"
	Name="(empty)"
	Generator="ctest-3.16.3"
	CompilerName=""
	CompilerVersion=""
	OSName="Linux"
	Hostname="marcin-Aspire-TC-780"
	OSRelease="5.15.0-75-generic"
	OSVersion="#82~20.04.1-Ubuntu SMP Wed Jun 7 19:37:37 UTC 2023"
	OSPlatform="x86_64"
	Is64Bits="1"
	VendorString="GenuineIntel"
	VendorID="Intel Corporation"
	FamilyID="6"
	ModelID="158"
	ProcessorCacheSize="6144"
	NumberOfLogicalCPU="4"
	NumberOfPhysicalCPU="4"
	TotalVirtualMemory="2047"
	TotalPhysicalMemory="7893"
	LogicalProcessorsPerPhysical="1"
	ProcessorClockFrequency="3300"
	>
	<Testing>
		<StartDateTime>Jun 18 20:51 CEST</StartDateTime>
		<StartTestTime>1687114297</StartTestTime>
		<TestList/>
		<EndDateTime>Jun 18 20:51 CEST</EndDateTime>
		<EndTestTime>1687114297</EndTestTime>
		<ElapsedMinutes>0</ElapsedMinutes>
	</Testing>
</Site>
